<?xml version="1.0" encoding="UTF-8"?>
<testng-results skipped="0" failed="0" ignored="0" total="1" passed="1">
  <reporter-output>
  </reporter-output>
  <suite name="Default suite" duration-ms="6198" started-at="2017-08-18T04:10:39Z" finished-at="2017-08-18T04:10:46Z">
    <groups>
    </groups>
    <test name="Default test" duration-ms="6198" started-at="2017-08-18T04:10:39Z" finished-at="2017-08-18T04:10:46Z">
      <class name="test.TestRunner">
        <test-method status="PASS" signature="OpenHotelApp()[pri:0, instance:test.TestRunner@6cc4c815]" name="OpenHotelApp" is-config="true" duration-ms="4136" started-at="2017-08-18T09:40:39Z" finished-at="2017-08-18T09:40:44Z">
          <reporter-output>
          </reporter-output>
        </test-method> <!-- OpenHotelApp -->
        <test-method status="PASS" signature="test1()[pri:0, instance:test.TestRunner@6cc4c815]" name="test1" duration-ms="2045" started-at="2017-08-18T09:40:44Z" finished-at="2017-08-18T09:40:46Z">
          <reporter-output>
          </reporter-output>
        </test-method> <!-- test1 -->
      </class> <!-- test.TestRunner -->
    </test> <!-- Default test -->
  </suite> <!-- Default suite -->
</testng-results>
