<?xml version="1.0" encoding="UTF-8"?>
<!-- Generated by org.testng.reporters.JUnitXMLReporter -->
<testsuite hostname="EBHVR04-08" ignored="0" name="Default test" tests="3" failures="0" timestamp="18 Aug 2017 07:38:56 GMT" time="16.017" errors="0">
  <testcase name="test1" time="0.26" classname="testCase.loginTest1"/>
  <testcase name="test2" time="5.166" classname="testCase.loginTest1"/>
  <testcase name="test3" time="2.751" classname="testCase.loginTest1"/>
</testsuite> <!-- Default test -->
