<?xml version="1.0" encoding="UTF-8"?>
<testng-results skipped="0" failed="0" ignored="0" total="3" passed="3">
  <reporter-output>
  </reporter-output>
  <suite name="Default suite" duration-ms="16017" started-at="2017-08-18T07:38:40Z" finished-at="2017-08-18T07:38:56Z">
    <groups>
    </groups>
    <test name="Default test" duration-ms="16017" started-at="2017-08-18T07:38:40Z" finished-at="2017-08-18T07:38:56Z">
      <class name="testCase.loginTest1">
        <test-method status="PASS" signature="BeforeClass()[pri:0, instance:testCase.loginTest1@7921b0a2]" name="BeforeClass" is-config="true" duration-ms="7811" started-at="2017-08-18T13:08:40Z" finished-at="2017-08-18T13:08:47Z">
          <reporter-output>
          </reporter-output>
        </test-method> <!-- BeforeClass -->
        <test-method status="PASS" signature="test1()[pri:0, instance:testCase.loginTest1@7921b0a2]" name="test1" duration-ms="260" started-at="2017-08-18T13:08:47Z" finished-at="2017-08-18T13:08:48Z">
          <reporter-output>
          </reporter-output>
        </test-method> <!-- test1 -->
        <test-method status="PASS" signature="test2()[pri:0, instance:testCase.loginTest1@7921b0a2]" name="test2" duration-ms="5166" started-at="2017-08-18T13:08:48Z" finished-at="2017-08-18T13:08:53Z">
          <reporter-output>
          </reporter-output>
        </test-method> <!-- test2 -->
        <test-method status="PASS" signature="test3()[pri:0, instance:testCase.loginTest1@7921b0a2]" name="test3" duration-ms="2751" started-at="2017-08-18T13:08:53Z" finished-at="2017-08-18T13:08:56Z">
          <reporter-output>
          </reporter-output>
        </test-method> <!-- test3 -->
      </class> <!-- testCase.loginTest1 -->
    </test> <!-- Default test -->
  </suite> <!-- Default suite -->
</testng-results>
